<?xml version="1.0" encoding="UTF-8"?>
<!-- Generated by org.testng.reporters.JUnitReportReporter -->
<testsuite skipped="0" hostname="DESKTOP-BH1F0C3" name="DDF.POI" tests="1" failures="0" timestamp="07 Apr 2022 11:19:42 GMT" time="27.895" errors="0">
  <testcase name="testcase1" time="27.895" classname="DDF.POI"/>
</testsuite> <!-- DDF.POI -->
