<?xml version="1.0" encoding="UTF-8"?>
<!-- Generated by org.testng.reporters.JUnitReportReporter -->
<testsuite skipped="0" hostname="DESKTOP-BH1F0C3" name="webDriver.groups" tests="2" failures="0" timestamp="04 Apr 2022 11:11:28 GMT" time="0.025" errors="0">
  <testcase name="smoke" time="0.022" classname="webDriver.groups"/>
  <testcase name="smoke1" time="0.003" classname="webDriver.groups"/>
</testsuite> <!-- webDriver.groups -->
