<?xml version="1.0" encoding="UTF-8"?>
<!-- Generated by org.testng.reporters.JUnitReportReporter -->
<testsuite skipped="0" hostname="DESKTOP-BH1F0C3" name="DDF.DDF" tests="1" failures="0" timestamp="07 Apr 2022 10:17:23 GMT" time="19.591" errors="0">
  <testcase name="testcase1" time="19.591" classname="DDF.DDF"/>
</testsuite> <!-- DDF.DDF -->
