<?xml version="1.0" encoding="UTF-8"?>
<!-- Generated by org.testng.reporters.JUnitReportReporter -->
<testsuite skipped="0" hostname="DESKTOP-BH1F0C3" name="webDriver.TestNg" tests="1" failures="0" timestamp="04 Apr 2022 10:46:21 GMT" time="0.011" errors="0">
  <testcase name="testcase1" time="0.011" classname="webDriver.TestNg"/>
</testsuite> <!-- webDriver.TestNg -->
