<?xml version="1.0" encoding="UTF-8"?>
<!-- Generated by org.testng.reporters.JUnitReportReporter -->
<testsuite skipped="0" hostname="DESKTOP-BH1F0C3" name="webDriver.parallelTesting" tests="2" failures="0" timestamp="05 Apr 2022 05:59:39 GMT" time="67.198" errors="0">
  <testcase name="testcase1" time="34.610" classname="webDriver.parallelTesting"/>
  <testcase name="testcase1" time="32.588" classname="webDriver.parallelTesting"/>
</testsuite> <!-- webDriver.parallelTesting -->
