<?xml version="1.0" encoding="UTF-8"?>
<!-- Generated by org.testng.reporters.JUnitReportReporter -->
<testsuite skipped="16" hostname="DESKTOP-BH1F0C3" name="webDriver.SimpleCommands" tests="17" failures="0" timestamp="06 Apr 2022 05:12:22 GMT" time="36.783" errors="0">
  <testcase name="testcase13" time="36.783" classname="webDriver.SimpleCommands"/>
  <testcase name="testcase5" classname="webDriver.SimpleCommands">
    <skipped/>
  </testcase> <!-- testcase5 -->
  <testcase name="testcase17" classname="webDriver.SimpleCommands">
    <skipped/>
  </testcase> <!-- testcase17 -->
  <testcase name="testcase1" classname="webDriver.SimpleCommands">
    <skipped/>
  </testcase> <!-- testcase1 -->
  <testcase name="testcase16" classname="webDriver.SimpleCommands">
    <skipped/>
  </testcase> <!-- testcase16 -->
  <testcase name="testcase10" classname="webDriver.SimpleCommands">
    <skipped/>
  </testcase> <!-- testcase10 -->
  <testcase name="testcase11" classname="webDriver.SimpleCommands">
    <skipped/>
  </testcase> <!-- testcase11 -->
  <testcase name="testcase14" classname="webDriver.SimpleCommands">
    <skipped/>
  </testcase> <!-- testcase14 -->
  <testcase name="testcase15" classname="webDriver.SimpleCommands">
    <skipped/>
  </testcase> <!-- testcase15 -->
  <testcase name="testcase12" classname="webDriver.SimpleCommands">
    <skipped/>
  </testcase> <!-- testcase12 -->
  <testcase name="testcase6" classname="webDriver.SimpleCommands">
    <skipped/>
  </testcase> <!-- testcase6 -->
  <testcase name="testcase8" classname="webDriver.SimpleCommands">
    <skipped/>
  </testcase> <!-- testcase8 -->
  <testcase name="testcase7" classname="webDriver.SimpleCommands">
    <skipped/>
  </testcase> <!-- testcase7 -->
  <testcase name="testcase2" classname="webDriver.SimpleCommands">
    <skipped/>
  </testcase> <!-- testcase2 -->
  <testcase name="testcase9" classname="webDriver.SimpleCommands">
    <skipped/>
  </testcase> <!-- testcase9 -->
  <testcase name="testcase4" classname="webDriver.SimpleCommands">
    <skipped/>
  </testcase> <!-- testcase4 -->
  <testcase name="testcase3" classname="webDriver.SimpleCommands">
    <skipped/>
  </testcase> <!-- testcase3 -->
</testsuite> <!-- webDriver.SimpleCommands -->
