<?xml version="1.0" encoding="UTF-8"?>
<!-- Generated by org.testng.reporters.JUnitReportReporter -->
<testsuite skipped="0" hostname="DESKTOP-BH1F0C3" name="webDriver.DP" tests="2" failures="0" timestamp="04 Apr 2022 10:46:21 GMT" time="26.860" errors="0">
  <testcase name="f" time="17.448" classname="webDriver.DP"/>
  <testcase name="f" time="9.412" classname="webDriver.DP"/>
</testsuite> <!-- webDriver.DP -->
